<?xml version="1.0" encoding="UTF-8"?>
<testng-results skipped="0" failed="1" total="2" passed="1">
  <reporter-output>
  </reporter-output>
  <suite name="HRM Test Suite" duration-ms="3985" started-at="2021-01-01T12:48:48Z" finished-at="2021-01-01T12:48:52Z">
    <groups>
    </groups>
    <test name="Pending Leave Request Test Case" duration-ms="3529" started-at="2021-01-01T12:48:48Z" finished-at="2021-01-01T12:48:52Z">
      <class name="Testcases.Test_Pending_Leave_Request">
        <test-method status="PASS" signature="verifyPendingLeaveRequest()[pri:0, instance:Testcases.Test_Pending_Leave_Request@5ce81285]" name="verifyPendingLeaveRequest" duration-ms="3495" started-at="2021-01-01T18:18:48Z" finished-at="2021-01-01T18:18:52Z">
          <reporter-output>
          </reporter-output>
        </test-method> <!-- verifyPendingLeaveRequest -->
      </class> <!-- Testcases.Test_Pending_Leave_Request -->
    </test> <!-- Pending Leave Request Test Case -->
    <test name="Check User Role Testcase" duration-ms="370" started-at="2021-01-01T12:48:52Z" finished-at="2021-01-01T12:48:52Z">
      <class name="Testcases.Test_User_Role">
        <test-method status="PASS" signature="launchbrowser()[pri:0, instance:Testcases.Test_User_Role@7b49cea0]" name="launchbrowser" is-config="true" duration-ms="15373" started-at="2021-01-01T18:18:33Z" finished-at="2021-01-01T18:18:48Z">
          <reporter-output>
          </reporter-output>
        </test-method> <!-- launchbrowser -->
        <test-method status="FAIL" signature="checkuserrole()[pri:0, instance:Testcases.Test_User_Role@7b49cea0]" name="checkuserrole" duration-ms="364" started-at="2021-01-01T18:18:52Z" finished-at="2021-01-01T18:18:52Z">
          <exception class="org.openqa.selenium.interactions.MoveTargetOutOfBoundsException">
            <message>
              <![CDATA[(-4915, 150) is out of bounds of viewport width (1366) and height (654)
Build info: version: '3.141.59', revision: 'e82be7d358', time: '2018-11-14T08:25:48'
System info: host: 'DESKTOP-H6MK8S6', ip: '192.168.11.204', os.name: 'Windows 10', os.arch: 'amd64', os.version: '10.0', java.version: '1.8.0_231'
Driver info: org.openqa.selenium.firefox.FirefoxDriver
Capabilities {acceptInsecureCerts: true, browserName: firefox, browserVersion: 84.0.1, javascriptEnabled: true, moz:accessibilityChecks: false, moz:buildID: 20201221152838, moz:geckodriverVersion: 0.28.0, moz:headless: false, moz:processID: 17956, moz:profile: C:\Users\probe7\AppData\Loc..., moz:shutdownTimeout: 60000, moz:useNonSpecCompliantPointerOrigin: false, moz:webdriverClick: true, pageLoadStrategy: normal, platform: WINDOWS, platformName: WINDOWS, platformVersion: 10.0, rotatable: false, setWindowRect: true, strictFileInteractability: false, timeouts: {implicit: 0, pageLoad: 300000, script: 30000}, unhandledPromptBehavior: dismiss and notify}
Session ID: dd991710-5e5e-462e-b232-add8ee9cb0d0]]>
            </message>
            <full-stacktrace>
              <![CDATA[org.openqa.selenium.interactions.MoveTargetOutOfBoundsException: (-4915, 150) is out of bounds of viewport width (1366) and height (654)
Build info: version: '3.141.59', revision: 'e82be7d358', time: '2018-11-14T08:25:48'
System info: host: 'DESKTOP-H6MK8S6', ip: '192.168.11.204', os.name: 'Windows 10', os.arch: 'amd64', os.version: '10.0', java.version: '1.8.0_231'
Driver info: org.openqa.selenium.firefox.FirefoxDriver
Capabilities {acceptInsecureCerts: true, browserName: firefox, browserVersion: 84.0.1, javascriptEnabled: true, moz:accessibilityChecks: false, moz:buildID: 20201221152838, moz:geckodriverVersion: 0.28.0, moz:headless: false, moz:processID: 17956, moz:profile: C:\Users\probe7\AppData\Loc..., moz:shutdownTimeout: 60000, moz:useNonSpecCompliantPointerOrigin: false, moz:webdriverClick: true, pageLoadStrategy: normal, platform: WINDOWS, platformName: WINDOWS, platformVersion: 10.0, rotatable: false, setWindowRect: true, strictFileInteractability: false, timeouts: {implicit: 0, pageLoad: 300000, script: 30000}, unhandledPromptBehavior: dismiss and notify}
Session ID: dd991710-5e5e-462e-b232-add8ee9cb0d0
	at sun.reflect.NativeConstructorAccessorImpl.newInstance0(Native Method)
	at sun.reflect.NativeConstructorAccessorImpl.newInstance(Unknown Source)
	at sun.reflect.DelegatingConstructorAccessorImpl.newInstance(Unknown Source)
	at java.lang.reflect.Constructor.newInstance(Unknown Source)
	at org.openqa.selenium.remote.http.W3CHttpResponseCodec.createException(W3CHttpResponseCodec.java:187)
	at org.openqa.selenium.remote.http.W3CHttpResponseCodec.decode(W3CHttpResponseCodec.java:122)
	at org.openqa.selenium.remote.http.W3CHttpResponseCodec.decode(W3CHttpResponseCodec.java:49)
	at org.openqa.selenium.remote.HttpCommandExecutor.execute(HttpCommandExecutor.java:158)
	at org.openqa.selenium.remote.service.DriverCommandExecutor.execute(DriverCommandExecutor.java:83)
	at org.openqa.selenium.remote.RemoteWebDriver.execute(RemoteWebDriver.java:552)
	at org.openqa.selenium.remote.RemoteWebDriver.perform(RemoteWebDriver.java:618)
	at org.openqa.selenium.interactions.Actions$BuiltAction.perform(Actions.java:639)
	at Testcases.Test_User_Role.MoveToUserPage(Test_User_Role.java:23)
	at Testcases.Test_User_Role.checkuserrole(Test_User_Role.java:49)
	at sun.reflect.NativeMethodAccessorImpl.invoke0(Native Method)
	at sun.reflect.NativeMethodAccessorImpl.invoke(Unknown Source)
	at sun.reflect.DelegatingMethodAccessorImpl.invoke(Unknown Source)
	at java.lang.reflect.Method.invoke(Unknown Source)
	at org.testng.internal.MethodInvocationHelper.invokeMethod(MethodInvocationHelper.java:80)
	at org.testng.internal.Invoker.invokeMethod(Invoker.java:715)
	at org.testng.internal.Invoker.invokeTestMethod(Invoker.java:907)
	at org.testng.internal.Invoker.invokeTestMethods(Invoker.java:1237)
	at org.testng.internal.TestMethodWorker.invokeTestMethods(TestMethodWorker.java:127)
	at org.testng.internal.TestMethodWorker.run(TestMethodWorker.java:111)
	at org.testng.TestRunner.privateRun(TestRunner.java:767)
	at org.testng.TestRunner.run(TestRunner.java:617)
	at org.testng.SuiteRunner.runTest(SuiteRunner.java:334)
	at org.testng.SuiteRunner.runSequentially(SuiteRunner.java:329)
	at org.testng.SuiteRunner.privateRun(SuiteRunner.java:291)
	at org.testng.SuiteRunner.run(SuiteRunner.java:240)
	at org.testng.SuiteRunnerWorker.runSuite(SuiteRunnerWorker.java:51)
	at org.testng.SuiteRunnerWorker.run(SuiteRunnerWorker.java:85)
	at org.testng.TestNG.runSuitesSequentially(TestNG.java:1197)
	at org.testng.TestNG.runSuitesLocally(TestNG.java:1122)
	at org.testng.TestNG.run(TestNG.java:1030)
	at org.testng.remote.AbstractRemoteTestNG.run(AbstractRemoteTestNG.java:115)
	at org.testng.remote.RemoteTestNG.initAndRun(RemoteTestNG.java:251)
	at org.testng.remote.RemoteTestNG.main(RemoteTestNG.java:77)
]]>
            </full-stacktrace>
          </exception> <!-- org.openqa.selenium.interactions.MoveTargetOutOfBoundsException -->
          <reporter-output>
          </reporter-output>
        </test-method> <!-- checkuserrole -->
        <test-method status="PASS" signature="teardown()[pri:0, instance:Testcases.Test_User_Role@7b49cea0]" name="teardown" is-config="true" duration-ms="1897" started-at="2021-01-01T18:18:52Z" finished-at="2021-01-01T18:18:54Z">
          <reporter-output>
          </reporter-output>
        </test-method> <!-- teardown -->
      </class> <!-- Testcases.Test_User_Role -->
    </test> <!-- Check User Role Testcase -->
  </suite> <!-- HRM Test Suite -->
</testng-results>
