<?xml version="1.0" encoding="UTF-8"?>
<!-- Generated by org.testng.reporters.JUnitXMLReporter -->
<testsuite hostname="DESKTOP-H6MK8S6" ignored="0" name="Login to Application" tests="4" failures="0" timestamp="2020-12-12T19:11:00 IST" time="68.31" errors="0">
  <testcase name="LoginApplication" time="18.839" classname="LoginTestCase_UsingDataProvider.Login"/>
  <testcase name="LoginApplication" time="16.438" classname="LoginTestCase_UsingDataProvider.Login"/>
  <testcase name="LoginApplication" time="16.211" classname="LoginTestCase_UsingDataProvider.Login"/>
  <testcase name="LoginApplication" time="16.702" classname="LoginTestCase_UsingDataProvider.Login"/>
</testsuite> <!-- Login to Application -->
