<?xml version="1.0" encoding="UTF-8"?>
<!-- Generated by org.testng.reporters.JUnitXMLReporter -->
<testsuite hostname="DESKTOP-H6MK8S6" ignored="0" name="Test Cases" tests="4" failures="0" timestamp="2020-12-12T17:08:10 IST" time="69.433" errors="0">
  <testcase name="correctusnm" time="19.376" classname="LoginTestCases.CorrectUsername"/>
  <testcase name="correctpswd" time="15.178" classname="LoginTestCases.CorrectPassword"/>
  <testcase name="bothcorrectusnmpswd" time="19.169" classname="LoginTestCases.BothCorrectusernameandPassword"/>
  <testcase name="incorrectusnmpswd" time="15.61" classname="LoginTestCases.BothInCorrectusernameandPassword"/>
</testsuite> <!-- Test Cases -->
