<?xml version="1.0" encoding="UTF-8"?>
<!-- Generated by org.testng.reporters.JUnitXMLReporter -->
<testsuite hostname="DESKTOP-H6MK8S6" name="Default test" tests="8" failures="0" timestamp="29 Jan 2021 12:28:12 GMT" time="0.086" errors="0">
  <testcase name="apple1" time="0.018" classname="TestNG.TestNGGrouping"/>
  <testcase name="apple2" time="0.003" classname="TestNG.TestNGGrouping"/>
  <testcase name="lenovo1" time="0.003" classname="TestNG.TestNGGrouping"/>
  <testcase name="lenovo2" time="0.003" classname="TestNG.TestNGGrouping"/>
  <testcase name="motto1" time="0.003" classname="TestNG.TestNGGrouping"/>
  <testcase name="motto2" time="0.003" classname="TestNG.TestNGGrouping"/>
  <testcase name="vivo1" time="0.003" classname="TestNG.TestNGGrouping"/>
  <testcase name="vivo2" time="0.004" classname="TestNG.TestNGGrouping"/>
</testsuite> <!-- Default test -->
