<?xml version="1.0" encoding="UTF-8"?>
<testng-results skipped="0" failed="0" total="8" passed="8">
  <reporter-output>
  </reporter-output>
  <suite name="Default suite" duration-ms="86" started-at="2021-01-29T12:28:12Z" finished-at="2021-01-29T12:28:12Z">
    <groups>
      <group name="apple">
        <method signature="TestNGGrouping.apple1()[pri:0, instance:TestNG.TestNGGrouping@41ee392b]" name="apple1" class="TestNG.TestNGGrouping"/>
        <method signature="TestNGGrouping.apple2()[pri:0, instance:TestNG.TestNGGrouping@41ee392b]" name="apple2" class="TestNG.TestNGGrouping"/>
      </group> <!-- apple -->
      <group name="motto">
        <method signature="TestNGGrouping.motto1()[pri:0, instance:TestNG.TestNGGrouping@41ee392b]" name="motto1" class="TestNG.TestNGGrouping"/>
        <method signature="TestNGGrouping.motto2()[pri:0, instance:TestNG.TestNGGrouping@41ee392b]" name="motto2" class="TestNG.TestNGGrouping"/>
      </group> <!-- motto -->
      <group name="vivo">
        <method signature="TestNGGrouping.vivo1()[pri:0, instance:TestNG.TestNGGrouping@41ee392b]" name="vivo1" class="TestNG.TestNGGrouping"/>
        <method signature="TestNGGrouping.vivo2()[pri:0, instance:TestNG.TestNGGrouping@41ee392b]" name="vivo2" class="TestNG.TestNGGrouping"/>
      </group> <!-- vivo -->
      <group name="lenovo">
        <method signature="TestNGGrouping.lenovo1()[pri:0, instance:TestNG.TestNGGrouping@41ee392b]" name="lenovo1" class="TestNG.TestNGGrouping"/>
        <method signature="TestNGGrouping.lenovo2()[pri:0, instance:TestNG.TestNGGrouping@41ee392b]" name="lenovo2" class="TestNG.TestNGGrouping"/>
      </group> <!-- lenovo -->
    </groups>
    <test name="Default test" duration-ms="86" started-at="2021-01-29T12:28:12Z" finished-at="2021-01-29T12:28:12Z">
      <class name="TestNG.TestNGGrouping">
        <test-method status="PASS" signature="apple1()[pri:0, instance:TestNG.TestNGGrouping@41ee392b]" name="apple1" duration-ms="18" started-at="2021-01-29T17:58:12Z" finished-at="2021-01-29T17:58:12Z">
          <reporter-output>
          </reporter-output>
        </test-method> <!-- apple1 -->
        <test-method status="PASS" signature="apple2()[pri:0, instance:TestNG.TestNGGrouping@41ee392b]" name="apple2" duration-ms="3" started-at="2021-01-29T17:58:12Z" finished-at="2021-01-29T17:58:12Z">
          <reporter-output>
          </reporter-output>
        </test-method> <!-- apple2 -->
        <test-method status="PASS" signature="lenovo1()[pri:0, instance:TestNG.TestNGGrouping@41ee392b]" name="lenovo1" duration-ms="3" started-at="2021-01-29T17:58:12Z" finished-at="2021-01-29T17:58:12Z">
          <reporter-output>
          </reporter-output>
        </test-method> <!-- lenovo1 -->
        <test-method status="PASS" signature="lenovo2()[pri:0, instance:TestNG.TestNGGrouping@41ee392b]" name="lenovo2" duration-ms="3" started-at="2021-01-29T17:58:12Z" finished-at="2021-01-29T17:58:12Z">
          <reporter-output>
          </reporter-output>
        </test-method> <!-- lenovo2 -->
        <test-method status="PASS" signature="motto1()[pri:0, instance:TestNG.TestNGGrouping@41ee392b]" name="motto1" duration-ms="3" started-at="2021-01-29T17:58:12Z" finished-at="2021-01-29T17:58:12Z">
          <reporter-output>
          </reporter-output>
        </test-method> <!-- motto1 -->
        <test-method status="PASS" signature="motto2()[pri:0, instance:TestNG.TestNGGrouping@41ee392b]" name="motto2" duration-ms="3" started-at="2021-01-29T17:58:12Z" finished-at="2021-01-29T17:58:12Z">
          <reporter-output>
          </reporter-output>
        </test-method> <!-- motto2 -->
        <test-method status="PASS" signature="vivo1()[pri:0, instance:TestNG.TestNGGrouping@41ee392b]" name="vivo1" duration-ms="3" started-at="2021-01-29T17:58:12Z" finished-at="2021-01-29T17:58:12Z">
          <reporter-output>
          </reporter-output>
        </test-method> <!-- vivo1 -->
        <test-method status="PASS" signature="vivo2()[pri:0, instance:TestNG.TestNGGrouping@41ee392b]" name="vivo2" duration-ms="4" started-at="2021-01-29T17:58:12Z" finished-at="2021-01-29T17:58:12Z">
          <reporter-output>
          </reporter-output>
        </test-method> <!-- vivo2 -->
      </class> <!-- TestNG.TestNGGrouping -->
    </test> <!-- Default test -->
  </suite> <!-- Default suite -->
</testng-results>
