<?xml version="1.0" encoding="UTF-8"?>
<!-- Generated by org.testng.reporters.JUnitXMLReporter -->
<testsuite hostname="DESKTOP-H6MK8S6" ignored="0" name="Default test" tests="7" failures="0" timestamp="2021-01-12T10:10:02 IST" time="35.585" errors="0">
  <testcase name="LoginApplication" time="12.517" classname="LoginTestCae_UsingDataDriven.Login1_jxl"/>
  <testcase name="LoginApplication" time="3.144" classname="LoginTestCae_UsingDataDriven.Login1_jxl"/>
  <testcase name="LoginApplication" time="2.78" classname="LoginTestCae_UsingDataDriven.Login1_jxl"/>
  <testcase name="LoginApplication" time="1.95" classname="LoginTestCae_UsingDataDriven.Login1_jxl"/>
  <testcase name="LoginApplication" time="1.977" classname="LoginTestCae_UsingDataDriven.Login1_jxl"/>
  <testcase name="LoginApplication" time="1.9" classname="LoginTestCae_UsingDataDriven.Login1_jxl"/>
  <testcase name="LoginApplication" time="1.992" classname="LoginTestCae_UsingDataDriven.Login1_jxl"/>
</testsuite> <!-- Default test -->
